# JRE version: Java(TM) SE Runtime Environment (8.0_60-b27) (build 1.8.0_60-b27)
# Java VM: Java HotSpot(TM) 64-Bit Server VM (25.60-b23 mixed mode windows-amd64 compressed oops)
Heap:
 PSYoungGen      total 118784K, used 85476K [0x00000000e0000000, 0x00000000eaa00000, 0x0000000100000000)
  eden space 108544K, 72% used [0x00000000e0000000,0x00000000e4d50aa8,0x00000000e6a00000)
  from space 10240K, 61% used [0x00000000e6a00000,0x00000000e7028838,0x00000000e7400000)
  to   space 10240K, 0% used [0x00000000ea000000,0x00000000ea000000,0x00000000eaa00000)
 ParOldGen       total 54272K, used 22658K [0x00000000a0000000, 0x00000000a3500000, 0x00000000e0000000)
  object space 54272K, 41% used [0x00000000a0000000,0x00000000a1620920,0x00000000a3500000)
 Metaspace       used 45662K, capacity 46806K, committed 46936K, reserved 1089536K
  class space    used 6211K, capacity 6501K, committed 6528K, reserved 1048576K
GC Heap History (10 events):
Event: 16.496 GC heap before
{Heap before GC invocations=11 (full 1):
 PSYoungGen      total 57344K, used 55821K [0x00000000e0000000, 0x00000000e5d00000, 0x0000000100000000)
  eden space 47616K, 100% used [0x00000000e0000000,0x00000000e2e80000,0x00000000e2e80000)
  from space 9728K, 84% used [0x00000000e2e80000,0x00000000e3683650,0x00000000e3800000)
  to   space 10752K, 0% used [0x00000000e5280000,0x00000000e5280000,0x00000000e5d00000)
 ParOldGen       total 39936K, used 8310K [0x00000000a0000000, 0x00000000a2700000, 0x00000000e0000000)
  object space 39936K, 20% used [0x00000000a0000000,0x00000000a081d9d0,0x00000000a2700000)
 Metaspace       used 30370K, capacity 30968K, committed 31104K, reserved 1075200K
  class space    used 4228K, capacity 4407K, committed 4480K, reserved 1048576K
Event: 16.504 GC heap after
Heap after GC invocations=11 (full 1):
 PSYoungGen      total 82432K, used 4160K [0x00000000e0000000, 0x00000000e5b80000, 0x0000000100000000)
  eden space 73216K, 0% used [0x00000000e0000000,0x00000000e0000000,0x00000000e4780000)
  from space 9216K, 45% used [0x00000000e5280000,0x00000000e5690000,0x00000000e5b80000)
  to   space 10240K, 0% used [0x00000000e4780000,0x00000000e4780000,0x00000000e5180000)
 ParOldGen       total 39936K, used 10879K [0x00000000a0000000, 0x00000000a2700000, 0x00000000e0000000)
  object space 39936K, 27% used [0x00000000a0000000,0x00000000a0a9fd60,0x00000000a2700000)
 Metaspace       used 30370K, capacity 30968K, committed 31104K, reserved 1075200K
  class space    used 4228K, capacity 4407K, committed 4480K, reserved 1048576K
}
Event: 17.317 GC heap before
{Heap before GC invocations=12 (full 1):
 PSYoungGen      total 82432K, used 36523K [0x00000000e0000000, 0x00000000e5b80000, 0x0000000100000000)
  eden space 73216K, 44% used [0x00000000e0000000,0x00000000e1f9add0,0x00000000e4780000)
  from space 9216K, 45% used [0x00000000e5280000,0x00000000e5690000,0x00000000e5b80000)
  to   space 10240K, 0% used [0x00000000e4780000,0x00000000e4780000,0x00000000e5180000)
 ParOldGen       total 39936K, used 10879K [0x00000000a0000000, 0x00000000a2700000, 0x00000000e0000000)
  object space 39936K, 27% used [0x00000000a0000000,0x00000000a0a9fd60,0x00000000a2700000)
 Metaspace       used 34632K, capacity 35340K, committed 35416K, reserved 1079296K
  class space    used 4766K, capacity 4977K, committed 4992K, reserved 1048576K
Event: 17.325 GC heap after
Heap after GC invocations=12 (full 1):
 PSYoungGen      total 83456K, used 4372K [0x00000000e0000000, 0x00000000e7f80000, 0x0000000100000000)
  eden space 73216K, 0% used [0x00000000e0000000,0x00000000e0000000,0x00000000e4780000)
  from space 10240K, 42% used [0x00000000e4780000,0x00000000e4bc5280,0x00000000e5180000)
  to   space 9728K, 0% used [0x00000000e7600000,0x00000000e7600000,0x00000000e7f80000)
 ParOldGen       total 39936K, used 14476K [0x00000000a0000000, 0x00000000a2700000, 0x00000000e0000000)
  object space 39936K, 36% used [0x00000000a0000000,0x00000000a0e231d0,0x00000000a2700000)
 Metaspace       used 34632K, capacity 35340K, committed 35416K, reserved 1079296K
  class space    used 4766K, capacity 4977K, committed 4992K, reserved 1048576K
}
Event: 17.325 GC heap before
{Heap before GC invocations=13 (full 2):
 PSYoungGen      total 83456K, used 4372K [0x00000000e0000000, 0x00000000e7f80000, 0x0000000100000000)
  eden space 73216K, 0% used [0x00000000e0000000,0x00000000e0000000,0x00000000e4780000)
  from space 10240K, 42% used [0x00000000e4780000,0x00000000e4bc5280,0x00000000e5180000)
  to   space 9728K, 0% used [0x00000000e7600000,0x00000000e7600000,0x00000000e7f80000)
 ParOldGen       total 39936K, used 14476K [0x00000000a0000000, 0x00000000a2700000, 0x00000000e0000000)
  object space 39936K, 36% used [0x00000000a0000000,0x00000000a0e231d0,0x00000000a2700000)
 Metaspace       used 34632K, capacity 35340K, committed 35416K, reserved 1079296K
  class space    used 4766K, capacity 4977K, committed 4992K, reserved 1048576K
Event: 17.488 GC heap after
Heap after GC invocations=13 (full 2):
 PSYoungGen      total 83456K, used 0K [0x00000000e0000000, 0x00000000e7f80000, 0x0000000100000000)
  eden space 73216K, 0% used [0x00000000e0000000,0x00000000e0000000,0x00000000e4780000)
  from space 10240K, 0% used [0x00000000e4780000,0x00000000e4780000,0x00000000e5180000)
  to   space 9728K, 0% used [0x00000000e7600000,0x00000000e7600000,0x00000000e7f80000)
 ParOldGen       total 54272K, used 16838K [0x00000000a0000000, 0x00000000a3500000, 0x00000000e0000000)
  object space 54272K, 31% used [0x00000000a0000000,0x00000000a1071b80,0x00000000a3500000)
 Metaspace       used 34632K, capacity 35340K, committed 35416K, reserved 1079296K
  class space    used 4766K, capacity 4977K, committed 4992K, reserved 1048576K
}
Event: 19.818 GC heap before
{Heap before GC invocations=14 (full 2):
 PSYoungGen      total 83456K, used 73216K [0x00000000e0000000, 0x00000000e7f80000, 0x0000000100000000)
  eden space 73216K, 100% used [0x00000000e0000000,0x00000000e4780000,0x00000000e4780000)
  from space 10240K, 0% used [0x00000000e4780000,0x00000000e4780000,0x00000000e5180000)
  to   space 9728K, 0% used [0x00000000e7600000,0x00000000e7600000,0x00000000e7f80000)
 ParOldGen       total 54272K, used 16838K [0x00000000a0000000, 0x00000000a3500000, 0x00000000e0000000)
  object space 54272K, 31% used [0x00000000a0000000,0x00000000a1071b80,0x00000000a3500000)
 Metaspace       used 38030K, capacity 38846K, committed 39000K, reserved 1083392K
  class space    used 5205K, capacity 5427K, committed 5504K, reserved 1048576K
Event: 19.863 GC heap after
Heap after GC invocations=14 (full 2):
 PSYoungGen      total 115200K, used 7829K [0x00000000e0000000, 0x00000000e7e00000, 0x0000000100000000)
  eden space 107008K, 0% used [0x00000000e0000000,0x00000000e0000000,0x00000000e6880000)
  from space 8192K, 95% used [0x00000000e7600000,0x00000000e7da55d8,0x00000000e7e00000)
  to   space 10240K, 0% used [0x00000000e6a00000,0x00000000e6a00000,0x00000000e7400000)
 ParOldGen       total 54272K, used 16846K [0x00000000a0000000, 0x00000000a3500000, 0x00000000e0000000)
  object space 54272K, 31% used [0x00000000a0000000,0x00000000a1073b80,0x00000000a3500000)
 Metaspace       used 38030K, capacity 38846K, committed 39000K, reserved 1083392K
  class space    used 5205K, capacity 5427K, committed 5504K, reserved 1048576K
}
Event: 22.491 GC heap before
{Heap before GC invocations=15 (full 2):
 PSYoungGen      total 115200K, used 114837K [0x00000000e0000000, 0x00000000e7e00000, 0x0000000100000000)
  eden space 107008K, 100% used [0x00000000e0000000,0x00000000e6880000,0x00000000e6880000)
  from space 8192K, 95% used [0x00000000e7600000,0x00000000e7da55d8,0x00000000e7e00000)
  to   space 10240K, 0% used [0x00000000e6a00000,0x00000000e6a00000,0x00000000e7400000)
 ParOldGen       total 54272K, used 16846K [0x00000000a0000000, 0x00000000a3500000, 0x00000000e0000000)
  object space 54272K, 31% used [0x00000000a0000000,0x00000000a1073b80,0x00000000a3500000)
 Metaspace       used 43400K, capacity 44372K, committed 44632K, reserved 1087488K
  class space    used 5926K, capacity 6224K, committed 6272K, reserved 1048576K
Event: 22.503 GC heap after
Heap after GC invocations=15 (full 2):
 PSYoungGen      total 118784K, used 6306K [0x00000000e0000000, 0x00000000eaa00000, 0x0000000100000000)
  eden space 108544K, 0% used [0x00000000e0000000,0x00000000e0000000,0x00000000e6a00000)
  from space 10240K, 61% used [0x00000000e6a00000,0x00000000e7028838,0x00000000e7400000)
  to   space 10240K, 0% used [0x00000000ea000000,0x00000000ea000000,0x00000000eaa00000)
 ParOldGen       total 54272K, used 22658K [0x00000000a0000000, 0x00000000a3500000, 0x00000000e0000000)
  object space 54272K, 41% used [0x00000000a0000000,0x00000000a1620920,0x00000000a3500000)
 Metaspace       used 43400K, capacity 44372K, committed 44632K, reserved 1087488K
  class space    used 5926K, capacity 6224K, committed 6272K, reserved 1048576K
}

